<?xml version="1.0" encoding="UTF-8"?>
<testng-results ignored="0" total="1" passed="1" failed="0" skipped="0">
  <reporter-output>
  </reporter-output>
  <suite started-at="2024-11-28T18:06:36 IST" name="Default suite" finished-at="2024-11-28T18:08:55 IST" duration-ms="138677">
    <groups>
    </groups>
    <test started-at="2024-11-28T18:06:36 IST" name="Default test" finished-at="2024-11-28T18:08:55 IST" duration-ms="138677">
      <class name="lumaLoginPkg.NewTest">
        <test-method signature="LoginToPage()[pri:0, instance:lumaLoginPkg.NewTest@4facf68f]" started-at="2024-11-28T18:06:36 IST" name="LoginToPage" finished-at="2024-11-28T18:08:55 IST" duration-ms="138418" status="PASS">
          <reporter-output>
          </reporter-output>
        </test-method> <!-- LoginToPage -->
      </class> <!-- lumaLoginPkg.NewTest -->
    </test> <!-- Default test -->
  </suite> <!-- Default suite -->
</testng-results>
